2017-04-08 21:22:34,883 [Worker-0] INFO  o.e.m.c.i.e.AbstractTransferListenerAdapter - Downloading http://repo.maven.apache.org/maven2/org/testng/testng/6.9.4/testng-6.9.4.pom
2017-04-08 21:22:35,273 [Worker-0] INFO  o.e.m.c.i.e.AbstractTransferListenerAdapter - Downloaded http://repo.maven.apache.org/maven2/org/testng/testng/6.9.4/testng-6.9.4.pom
2017-04-08 21:22:35,550 [Worker-0] INFO  o.e.m.c.i.e.AbstractTransferListenerAdapter - Downloading http://repo.maven.apache.org/maven2/org/mockito/mockito-all/1.10.19/mockito-all-1.10.19.pom
2017-04-08 21:22:35,979 [Worker-0] INFO  o.e.m.c.i.e.AbstractTransferListenerAdapter - Downloaded http://repo.maven.apache.org/maven2/org/mockito/mockito-all/1.10.19/mockito-all-1.10.19.pom
2017-04-08 21:22:36,165 [Worker-0] INFO  o.e.m.c.i.e.AbstractTransferListenerAdapter - Downloading http://repo.maven.apache.org/maven2/org/mockito/mockito-core/1.10.19/mockito-core-1.10.19.pom
2017-04-08 21:22:36,517 [Worker-0] INFO  o.e.m.c.i.e.AbstractTransferListenerAdapter - Downloaded http://repo.maven.apache.org/maven2/org/mockito/mockito-core/1.10.19/mockito-core-1.10.19.pom
2017-04-08 21:22:36,782 [Worker-0] INFO  o.e.m.c.i.e.AbstractTransferListenerAdapter - Downloading http://repo.maven.apache.org/maven2/org/objenesis/objenesis/2.1/objenesis-2.1.pom
2017-04-08 21:22:37,180 [Worker-0] INFO  o.e.m.c.i.e.AbstractTransferListenerAdapter - Downloaded http://repo.maven.apache.org/maven2/org/objenesis/objenesis/2.1/objenesis-2.1.pom
2017-04-08 21:22:37,377 [Worker-0] INFO  o.e.m.c.i.e.AbstractTransferListenerAdapter - Downloading http://repo.maven.apache.org/maven2/org/objenesis/objenesis-parent/2.1/objenesis-parent-2.1.pom
2017-04-08 21:22:38,057 [Worker-0] INFO  o.e.m.c.i.e.AbstractTransferListenerAdapter - Downloaded http://repo.maven.apache.org/maven2/org/objenesis/objenesis-parent/2.1/objenesis-parent-2.1.pom
2017-04-08 21:22:38,268 [Worker-0] INFO  o.e.m.c.i.e.AbstractTransferListenerAdapter - Downloading http://repo.maven.apache.org/maven2/org/seleniumhq/selenium/selenium-firefox-driver/2.44.0/selenium-firefox-driver-2.44.0.pom
2017-04-08 21:22:38,747 [Worker-0] INFO  o.e.m.c.i.e.AbstractTransferListenerAdapter - Downloaded http://repo.maven.apache.org/maven2/org/seleniumhq/selenium/selenium-firefox-driver/2.44.0/selenium-firefox-driver-2.44.0.pom
2017-04-08 21:22:38,962 [Worker-0] INFO  o.e.m.c.i.e.AbstractTransferListenerAdapter - Downloading http://repo.maven.apache.org/maven2/org/seleniumhq/selenium/selenium-parent/2.44.0/selenium-parent-2.44.0.pom
2017-04-08 21:22:39,442 [Worker-0] INFO  o.e.m.c.i.e.AbstractTransferListenerAdapter - Downloaded http://repo.maven.apache.org/maven2/org/seleniumhq/selenium/selenium-parent/2.44.0/selenium-parent-2.44.0.pom
2017-04-08 21:22:39,662 [Worker-0] INFO  o.e.m.c.i.e.AbstractTransferListenerAdapter - Downloading http://repo.maven.apache.org/maven2/org/seleniumhq/selenium/selenium-remote-driver/2.44.0/selenium-remote-driver-2.44.0.pom
2017-04-08 21:22:40,129 [Worker-0] INFO  o.e.m.c.i.e.AbstractTransferListenerAdapter - Downloaded http://repo.maven.apache.org/maven2/org/seleniumhq/selenium/selenium-remote-driver/2.44.0/selenium-remote-driver-2.44.0.pom
2017-04-08 21:22:40,345 [Worker-0] INFO  o.e.m.c.i.e.AbstractTransferListenerAdapter - Downloading http://repo.maven.apache.org/maven2/com/google/code/gson/gson/2.3/gson-2.3.pom
2017-04-08 21:22:40,866 [Worker-0] INFO  o.e.m.c.i.e.AbstractTransferListenerAdapter - Downloaded http://repo.maven.apache.org/maven2/com/google/code/gson/gson/2.3/gson-2.3.pom
2017-04-08 21:22:41,130 [Worker-0] INFO  o.e.m.c.i.e.AbstractTransferListenerAdapter - Downloading http://repo.maven.apache.org/maven2/org/seleniumhq/selenium/selenium-api/2.44.0/selenium-api-2.44.0.pom
2017-04-08 21:22:41,563 [Worker-0] INFO  o.e.m.c.i.e.AbstractTransferListenerAdapter - Downloaded http://repo.maven.apache.org/maven2/org/seleniumhq/selenium/selenium-api/2.44.0/selenium-api-2.44.0.pom
2017-04-08 21:22:41,803 [Worker-0] INFO  o.e.m.c.i.e.AbstractTransferListenerAdapter - Downloading http://repo.maven.apache.org/maven2/com/google/guava/guava/18.0/guava-18.0.pom
2017-04-08 21:22:42,331 [Worker-0] INFO  o.e.m.c.i.e.AbstractTransferListenerAdapter - Downloaded http://repo.maven.apache.org/maven2/com/google/guava/guava/18.0/guava-18.0.pom
2017-04-08 21:22:42,524 [Worker-0] INFO  o.e.m.c.i.e.AbstractTransferListenerAdapter - Downloading http://repo.maven.apache.org/maven2/com/google/guava/guava-parent/18.0/guava-parent-18.0.pom
2017-04-08 21:22:42,945 [Worker-0] INFO  o.e.m.c.i.e.AbstractTransferListenerAdapter - Downloaded http://repo.maven.apache.org/maven2/com/google/guava/guava-parent/18.0/guava-parent-18.0.pom
2017-04-08 21:22:43,198 [Worker-0] INFO  o.e.m.c.i.e.AbstractTransferListenerAdapter - Downloading http://repo.maven.apache.org/maven2/org/apache/httpcomponents/httpclient/4.3.4/httpclient-4.3.4.pom
2017-04-08 21:22:43,771 [Worker-0] INFO  o.e.m.c.i.e.AbstractTransferListenerAdapter - Downloaded http://repo.maven.apache.org/maven2/org/apache/httpcomponents/httpclient/4.3.4/httpclient-4.3.4.pom
2017-04-08 21:22:43,957 [Worker-0] INFO  o.e.m.c.i.e.AbstractTransferListenerAdapter - Downloading http://repo.maven.apache.org/maven2/org/apache/httpcomponents/httpcomponents-client/4.3.4/httpcomponents-client-4.3.4.pom
2017-04-08 21:22:44,430 [Worker-0] INFO  o.e.m.c.i.e.AbstractTransferListenerAdapter - Downloaded http://repo.maven.apache.org/maven2/org/apache/httpcomponents/httpcomponents-client/4.3.4/httpcomponents-client-4.3.4.pom
2017-04-08 21:22:44,804 [Worker-0] INFO  o.e.m.c.i.e.AbstractTransferListenerAdapter - Downloading http://repo.maven.apache.org/maven2/org/apache/httpcomponents/httpcore/4.3.2/httpcore-4.3.2.pom
2017-04-08 21:22:45,204 [Worker-0] INFO  o.e.m.c.i.e.AbstractTransferListenerAdapter - Downloaded http://repo.maven.apache.org/maven2/org/apache/httpcomponents/httpcore/4.3.2/httpcore-4.3.2.pom
2017-04-08 21:22:45,411 [Worker-0] INFO  o.e.m.c.i.e.AbstractTransferListenerAdapter - Downloading http://repo.maven.apache.org/maven2/org/apache/httpcomponents/httpcomponents-core/4.3.2/httpcomponents-core-4.3.2.pom
2017-04-08 21:22:45,799 [Worker-0] INFO  o.e.m.c.i.e.AbstractTransferListenerAdapter - Downloaded http://repo.maven.apache.org/maven2/org/apache/httpcomponents/httpcomponents-core/4.3.2/httpcomponents-core-4.3.2.pom
2017-04-08 21:22:46,282 [Worker-0] INFO  o.e.m.c.i.e.AbstractTransferListenerAdapter - Downloading http://repo.maven.apache.org/maven2/org/seleniumhq/selenium/selenium-server/2.44.0/selenium-server-2.44.0.pom
2017-04-08 21:22:46,808 [Worker-0] INFO  o.e.m.c.i.e.AbstractTransferListenerAdapter - Downloaded http://repo.maven.apache.org/maven2/org/seleniumhq/selenium/selenium-server/2.44.0/selenium-server-2.44.0.pom
2017-04-08 21:22:46,977 [Worker-0] INFO  o.e.m.c.i.e.AbstractTransferListenerAdapter - Downloading http://repo.maven.apache.org/maven2/org/bouncycastle/bcprov-jdk15on/1.48/bcprov-jdk15on-1.48.pom
2017-04-08 21:22:47,315 [Worker-0] INFO  o.e.m.c.i.e.AbstractTransferListenerAdapter - Downloaded http://repo.maven.apache.org/maven2/org/bouncycastle/bcprov-jdk15on/1.48/bcprov-jdk15on-1.48.pom
2017-04-08 21:22:47,494 [Worker-0] INFO  o.e.m.c.i.e.AbstractTransferListenerAdapter - Downloading http://repo.maven.apache.org/maven2/org/bouncycastle/bcpkix-jdk15on/1.48/bcpkix-jdk15on-1.48.pom
2017-04-08 21:22:47,832 [Worker-0] INFO  o.e.m.c.i.e.AbstractTransferListenerAdapter - Downloaded http://repo.maven.apache.org/maven2/org/bouncycastle/bcpkix-jdk15on/1.48/bcpkix-jdk15on-1.48.pom
2017-04-08 21:22:48,005 [Worker-0] INFO  o.e.m.c.i.e.AbstractTransferListenerAdapter - Downloading http://repo.maven.apache.org/maven2/mx4j/mx4j-tools/3.0.1/mx4j-tools-3.0.1.pom
2017-04-08 21:22:48,362 [Worker-0] INFO  o.e.m.c.i.e.AbstractTransferListenerAdapter - Downloaded http://repo.maven.apache.org/maven2/mx4j/mx4j-tools/3.0.1/mx4j-tools-3.0.1.pom
2017-04-08 21:22:48,534 [Worker-0] INFO  o.e.m.c.i.e.AbstractTransferListenerAdapter - Downloading http://repo.maven.apache.org/maven2/org/mortbay/jetty/servlet-api-2.5/6.1.9/servlet-api-2.5-6.1.9.pom
2017-04-08 21:22:48,926 [Worker-0] INFO  o.e.m.c.i.e.AbstractTransferListenerAdapter - Downloaded http://repo.maven.apache.org/maven2/org/mortbay/jetty/servlet-api-2.5/6.1.9/servlet-api-2.5-6.1.9.pom
2017-04-08 21:22:49,088 [Worker-0] INFO  o.e.m.c.i.e.AbstractTransferListenerAdapter - Downloading http://repo.maven.apache.org/maven2/org/mortbay/jetty/project/6.1.9/project-6.1.9.pom
2017-04-08 21:22:49,450 [Worker-0] INFO  o.e.m.c.i.e.AbstractTransferListenerAdapter - Downloaded http://repo.maven.apache.org/maven2/org/mortbay/jetty/project/6.1.9/project-6.1.9.pom
2017-04-08 21:22:49,631 [Worker-0] INFO  o.e.m.c.i.e.AbstractTransferListenerAdapter - Downloading http://repo.maven.apache.org/maven2/org/seleniumhq/selenium/jetty-repacked/7.6.1/jetty-repacked-7.6.1.pom
2017-04-08 21:22:49,983 [Worker-0] INFO  o.e.m.c.i.e.AbstractTransferListenerAdapter - Downloaded http://repo.maven.apache.org/maven2/org/seleniumhq/selenium/jetty-repacked/7.6.1/jetty-repacked-7.6.1.pom
2017-04-08 21:22:50,205 [Worker-0] INFO  o.e.m.c.i.e.AbstractTransferListenerAdapter - Downloading http://repo.maven.apache.org/maven2/org/seleniumhq/selenium/jetty-rc-repacked/5/jetty-rc-repacked-5.pom
2017-04-08 21:22:50,810 [Worker-0] INFO  o.e.m.c.i.e.AbstractTransferListenerAdapter - Downloaded http://repo.maven.apache.org/maven2/org/seleniumhq/selenium/jetty-rc-repacked/5/jetty-rc-repacked-5.pom
2017-04-08 21:22:51,120 [Worker-0] INFO  o.e.m.c.i.e.AbstractTransferListenerAdapter - Downloading http://repo.maven.apache.org/maven2/net/jcip/jcip-annotations/1.0/jcip-annotations-1.0.pom
2017-04-08 21:22:51,479 [Worker-0] INFO  o.e.m.c.i.e.AbstractTransferListenerAdapter - Downloaded http://repo.maven.apache.org/maven2/net/jcip/jcip-annotations/1.0/jcip-annotations-1.0.pom
2017-04-08 21:22:51,811 [Worker-0] INFO  o.e.m.c.i.e.AbstractTransferListenerAdapter - Downloading http://repo.maven.apache.org/maven2/org/seleniumhq/selenium/selenium-java/2.44.0/selenium-java-2.44.0.pom
2017-04-08 21:22:52,305 [Worker-0] INFO  o.e.m.c.i.e.AbstractTransferListenerAdapter - Downloaded http://repo.maven.apache.org/maven2/org/seleniumhq/selenium/selenium-java/2.44.0/selenium-java-2.44.0.pom
2017-04-08 21:22:52,523 [Worker-0] INFO  o.e.m.c.i.e.AbstractTransferListenerAdapter - Downloading http://repo.maven.apache.org/maven2/org/seleniumhq/selenium/selenium-chrome-driver/2.44.0/selenium-chrome-driver-2.44.0.pom
2017-04-08 21:22:52,969 [Worker-0] INFO  o.e.m.c.i.e.AbstractTransferListenerAdapter - Downloaded http://repo.maven.apache.org/maven2/org/seleniumhq/selenium/selenium-chrome-driver/2.44.0/selenium-chrome-driver-2.44.0.pom
2017-04-08 21:22:53,194 [Worker-0] INFO  o.e.m.c.i.e.AbstractTransferListenerAdapter - Downloading http://repo.maven.apache.org/maven2/org/seleniumhq/selenium/selenium-htmlunit-driver/2.44.0/selenium-htmlunit-driver-2.44.0.pom
2017-04-08 21:22:53,562 [Worker-0] INFO  o.e.m.c.i.e.AbstractTransferListenerAdapter - Downloaded http://repo.maven.apache.org/maven2/org/seleniumhq/selenium/selenium-htmlunit-driver/2.44.0/selenium-htmlunit-driver-2.44.0.pom
2017-04-08 21:22:53,814 [Worker-0] INFO  o.e.m.c.i.e.AbstractTransferListenerAdapter - Downloading http://repo.maven.apache.org/maven2/net/sourceforge/htmlunit/htmlunit/2.15/htmlunit-2.15.pom
2017-04-08 21:22:54,614 [Worker-0] INFO  o.e.m.c.i.e.AbstractTransferListenerAdapter - Downloaded http://repo.maven.apache.org/maven2/net/sourceforge/htmlunit/htmlunit/2.15/htmlunit-2.15.pom
2017-04-08 21:22:54,947 [Worker-0] INFO  o.e.m.c.i.e.AbstractTransferListenerAdapter - Downloading http://repo.maven.apache.org/maven2/org/apache/commons/commons-lang3/3.3.2/commons-lang3-3.3.2.pom
2017-04-08 21:22:55,445 [Worker-0] INFO  o.e.m.c.i.e.AbstractTransferListenerAdapter - Downloaded http://repo.maven.apache.org/maven2/org/apache/commons/commons-lang3/3.3.2/commons-lang3-3.3.2.pom
2017-04-08 21:22:55,620 [Worker-0] INFO  o.e.m.c.i.e.AbstractTransferListenerAdapter - Downloading http://repo.maven.apache.org/maven2/org/apache/commons/commons-parent/33/commons-parent-33.pom
2017-04-08 21:22:56,512 [Worker-0] INFO  o.e.m.c.i.e.AbstractTransferListenerAdapter - Downloaded http://repo.maven.apache.org/maven2/org/apache/commons/commons-parent/33/commons-parent-33.pom
2017-04-08 21:22:56,790 [Worker-0] INFO  o.e.m.c.i.e.AbstractTransferListenerAdapter - Downloading http://repo.maven.apache.org/maven2/org/apache/httpcomponents/httpclient/4.3.3/httpclient-4.3.3.pom
2017-04-08 21:22:57,447 [Worker-0] INFO  o.e.m.c.i.e.AbstractTransferListenerAdapter - Downloaded http://repo.maven.apache.org/maven2/org/apache/httpcomponents/httpclient/4.3.3/httpclient-4.3.3.pom
2017-04-08 21:22:57,717 [Worker-0] INFO  o.e.m.c.i.e.AbstractTransferListenerAdapter - Downloading http://repo.maven.apache.org/maven2/org/apache/httpcomponents/httpcomponents-client/4.3.3/httpcomponents-client-4.3.3.pom
2017-04-08 21:22:59,095 [Worker-0] INFO  o.e.m.c.i.e.AbstractTransferListenerAdapter - Downloaded http://repo.maven.apache.org/maven2/org/apache/httpcomponents/httpcomponents-client/4.3.3/httpcomponents-client-4.3.3.pom
2017-04-08 21:22:59,391 [Worker-0] INFO  o.e.m.c.i.e.AbstractTransferListenerAdapter - Downloading http://repo.maven.apache.org/maven2/org/apache/httpcomponents/httpmime/4.3.3/httpmime-4.3.3.pom
2017-04-08 21:23:00,041 [Worker-0] INFO  o.e.m.c.i.e.AbstractTransferListenerAdapter - Downloaded http://repo.maven.apache.org/maven2/org/apache/httpcomponents/httpmime/4.3.3/httpmime-4.3.3.pom
2017-04-08 21:23:00,330 [Worker-0] INFO  o.e.m.c.i.e.AbstractTransferListenerAdapter - Downloading http://repo.maven.apache.org/maven2/net/sourceforge/htmlunit/htmlunit-core-js/2.15/htmlunit-core-js-2.15.pom
2017-04-08 21:23:00,899 [Worker-0] INFO  o.e.m.c.i.e.AbstractTransferListenerAdapter - Downloaded http://repo.maven.apache.org/maven2/net/sourceforge/htmlunit/htmlunit-core-js/2.15/htmlunit-core-js-2.15.pom
2017-04-08 21:23:01,284 [Worker-0] INFO  o.e.m.c.i.e.AbstractTransferListenerAdapter - Downloading http://repo.maven.apache.org/maven2/net/sourceforge/nekohtml/nekohtml/1.9.21/nekohtml-1.9.21.pom
2017-04-08 21:23:01,949 [Worker-0] INFO  o.e.m.c.i.e.AbstractTransferListenerAdapter - Downloaded http://repo.maven.apache.org/maven2/net/sourceforge/nekohtml/nekohtml/1.9.21/nekohtml-1.9.21.pom
2017-04-08 21:23:02,255 [Worker-0] INFO  o.e.m.c.i.e.AbstractTransferListenerAdapter - Downloading http://repo.maven.apache.org/maven2/net/sourceforge/cssparser/cssparser/0.9.14/cssparser-0.9.14.pom
2017-04-08 21:23:02,961 [Worker-0] INFO  o.e.m.c.i.e.AbstractTransferListenerAdapter - Downloaded http://repo.maven.apache.org/maven2/net/sourceforge/cssparser/cssparser/0.9.14/cssparser-0.9.14.pom
2017-04-08 21:23:03,300 [Worker-0] INFO  o.e.m.c.i.e.AbstractTransferListenerAdapter - Downloading http://repo.maven.apache.org/maven2/org/eclipse/jetty/jetty-websocket/8.1.15.v20140411/jetty-websocket-8.1.15.v20140411.pom
2017-04-08 21:23:04,043 [Worker-0] INFO  o.e.m.c.i.e.AbstractTransferListenerAdapter - Downloaded http://repo.maven.apache.org/maven2/org/eclipse/jetty/jetty-websocket/8.1.15.v20140411/jetty-websocket-8.1.15.v20140411.pom
2017-04-08 21:23:04,361 [Worker-0] INFO  o.e.m.c.i.e.AbstractTransferListenerAdapter - Downloading http://repo.maven.apache.org/maven2/org/eclipse/jetty/jetty-project/8.1.15.v20140411/jetty-project-8.1.15.v20140411.pom
2017-04-08 21:23:05,333 [Worker-0] INFO  o.e.m.c.i.e.AbstractTransferListenerAdapter - Downloaded http://repo.maven.apache.org/maven2/org/eclipse/jetty/jetty-project/8.1.15.v20140411/jetty-project-8.1.15.v20140411.pom
2017-04-08 21:23:05,659 [Worker-0] INFO  o.e.m.c.i.e.AbstractTransferListenerAdapter - Downloading http://repo.maven.apache.org/maven2/org/eclipse/jetty/jetty-util/8.1.15.v20140411/jetty-util-8.1.15.v20140411.pom
2017-04-08 21:23:06,306 [Worker-0] INFO  o.e.m.c.i.e.AbstractTransferListenerAdapter - Downloaded http://repo.maven.apache.org/maven2/org/eclipse/jetty/jetty-util/8.1.15.v20140411/jetty-util-8.1.15.v20140411.pom
2017-04-08 21:23:06,598 [Worker-0] INFO  o.e.m.c.i.e.AbstractTransferListenerAdapter - Downloading http://repo.maven.apache.org/maven2/org/eclipse/jetty/jetty-io/8.1.15.v20140411/jetty-io-8.1.15.v20140411.pom
2017-04-08 21:23:07,317 [Worker-0] INFO  o.e.m.c.i.e.AbstractTransferListenerAdapter - Downloaded http://repo.maven.apache.org/maven2/org/eclipse/jetty/jetty-io/8.1.15.v20140411/jetty-io-8.1.15.v20140411.pom
2017-04-08 21:23:07,603 [Worker-0] INFO  o.e.m.c.i.e.AbstractTransferListenerAdapter - Downloading http://repo.maven.apache.org/maven2/org/eclipse/jetty/jetty-http/8.1.15.v20140411/jetty-http-8.1.15.v20140411.pom
2017-04-08 21:23:08,313 [Worker-0] INFO  o.e.m.c.i.e.AbstractTransferListenerAdapter - Downloaded http://repo.maven.apache.org/maven2/org/eclipse/jetty/jetty-http/8.1.15.v20140411/jetty-http-8.1.15.v20140411.pom
2017-04-08 21:23:08,590 [Worker-0] INFO  o.e.m.c.i.e.AbstractTransferListenerAdapter - Downloading http://repo.maven.apache.org/maven2/org/seleniumhq/selenium/selenium-ie-driver/2.44.0/selenium-ie-driver-2.44.0.pom
2017-04-08 21:23:09,284 [Worker-0] INFO  o.e.m.c.i.e.AbstractTransferListenerAdapter - Downloaded http://repo.maven.apache.org/maven2/org/seleniumhq/selenium/selenium-ie-driver/2.44.0/selenium-ie-driver-2.44.0.pom
2017-04-08 21:23:09,558 [Worker-0] INFO  o.e.m.c.i.e.AbstractTransferListenerAdapter - Downloading http://repo.maven.apache.org/maven2/org/seleniumhq/selenium/selenium-safari-driver/2.44.0/selenium-safari-driver-2.44.0.pom
2017-04-08 21:23:10,313 [Worker-0] INFO  o.e.m.c.i.e.AbstractTransferListenerAdapter - Downloaded http://repo.maven.apache.org/maven2/org/seleniumhq/selenium/selenium-safari-driver/2.44.0/selenium-safari-driver-2.44.0.pom
2017-04-08 21:23:10,663 [Worker-0] INFO  o.e.m.c.i.e.AbstractTransferListenerAdapter - Downloading http://repo.maven.apache.org/maven2/org/seleniumhq/selenium/selenium-support/2.44.0/selenium-support-2.44.0.pom
2017-04-08 21:23:11,343 [Worker-0] INFO  o.e.m.c.i.e.AbstractTransferListenerAdapter - Downloaded http://repo.maven.apache.org/maven2/org/seleniumhq/selenium/selenium-support/2.44.0/selenium-support-2.44.0.pom
2017-04-08 21:23:11,639 [Worker-0] INFO  o.e.m.c.i.e.AbstractTransferListenerAdapter - Downloading http://repo.maven.apache.org/maven2/org/yaml/snakeyaml/1.8/snakeyaml-1.8.pom
2017-04-08 21:23:12,671 [Worker-0] INFO  o.e.m.c.i.e.AbstractTransferListenerAdapter - Downloaded http://repo.maven.apache.org/maven2/org/yaml/snakeyaml/1.8/snakeyaml-1.8.pom
2017-04-08 21:23:12,993 [Worker-0] INFO  o.e.m.c.i.e.AbstractTransferListenerAdapter - Downloading http://repo.maven.apache.org/maven2/log4j/log4j/1.2.17/log4j-1.2.17.pom
2017-04-08 21:23:15,093 [Worker-0] INFO  o.e.m.c.i.e.AbstractTransferListenerAdapter - Downloaded http://repo.maven.apache.org/maven2/log4j/log4j/1.2.17/log4j-1.2.17.pom
2017-04-08 21:23:15,292 [Worker-0] INFO  o.e.m.c.i.e.AbstractTransferListenerAdapter - Downloading http://repo.maven.apache.org/maven2/org/apache/poi/poi-ooxml/3.9/poi-ooxml-3.9.pom
2017-04-08 21:23:15,745 [Worker-0] INFO  o.e.m.c.i.e.AbstractTransferListenerAdapter - Downloaded http://repo.maven.apache.org/maven2/org/apache/poi/poi-ooxml/3.9/poi-ooxml-3.9.pom
2017-04-08 21:23:15,976 [Worker-0] INFO  o.e.m.c.i.e.AbstractTransferListenerAdapter - Downloading http://repo.maven.apache.org/maven2/org/apache/poi/poi/3.9/poi-3.9.pom
2017-04-08 21:23:16,541 [Worker-0] INFO  o.e.m.c.i.e.AbstractTransferListenerAdapter - Downloaded http://repo.maven.apache.org/maven2/org/apache/poi/poi/3.9/poi-3.9.pom
2017-04-08 21:23:16,759 [Worker-0] INFO  o.e.m.c.i.e.AbstractTransferListenerAdapter - Downloading http://repo.maven.apache.org/maven2/commons-codec/commons-codec/1.5/commons-codec-1.5.pom
2017-04-08 21:23:17,220 [Worker-0] INFO  o.e.m.c.i.e.AbstractTransferListenerAdapter - Downloaded http://repo.maven.apache.org/maven2/commons-codec/commons-codec/1.5/commons-codec-1.5.pom
2017-04-08 21:23:17,430 [Worker-0] INFO  o.e.m.c.i.e.AbstractTransferListenerAdapter - Downloading http://repo.maven.apache.org/maven2/org/apache/commons/commons-parent/20/commons-parent-20.pom
2017-04-08 21:23:18,272 [Worker-0] INFO  o.e.m.c.i.e.AbstractTransferListenerAdapter - Downloaded http://repo.maven.apache.org/maven2/org/apache/commons/commons-parent/20/commons-parent-20.pom
2017-04-08 21:23:18,513 [Worker-0] INFO  o.e.m.c.i.e.AbstractTransferListenerAdapter - Downloading http://repo.maven.apache.org/maven2/org/apache/poi/poi-ooxml-schemas/3.9/poi-ooxml-schemas-3.9.pom
2017-04-08 21:23:18,970 [Worker-0] INFO  o.e.m.c.i.e.AbstractTransferListenerAdapter - Downloaded http://repo.maven.apache.org/maven2/org/apache/poi/poi-ooxml-schemas/3.9/poi-ooxml-schemas-3.9.pom
2017-04-08 21:23:19,187 [Worker-0] INFO  o.e.m.c.i.e.AbstractTransferListenerAdapter - Downloading http://repo.maven.apache.org/maven2/org/apache/xmlbeans/xmlbeans/2.3.0/xmlbeans-2.3.0.pom
2017-04-08 21:23:19,642 [Worker-0] INFO  o.e.m.c.i.e.AbstractTransferListenerAdapter - Downloaded http://repo.maven.apache.org/maven2/org/apache/xmlbeans/xmlbeans/2.3.0/xmlbeans-2.3.0.pom
2017-04-08 21:23:19,869 [Worker-0] INFO  o.e.m.c.i.e.AbstractTransferListenerAdapter - Downloading http://repo.maven.apache.org/maven2/stax/stax-api/1.0.1/stax-api-1.0.1.pom
2017-04-08 21:23:20,340 [Worker-0] INFO  o.e.m.c.i.e.AbstractTransferListenerAdapter - Downloaded http://repo.maven.apache.org/maven2/stax/stax-api/1.0.1/stax-api-1.0.1.pom
2017-04-08 21:23:20,552 [Worker-0] INFO  o.e.m.c.i.e.AbstractTransferListenerAdapter - Downloading http://repo.maven.apache.org/maven2/dom4j/dom4j/1.6.1/dom4j-1.6.1.pom
2017-04-08 21:23:21,111 [Worker-0] INFO  o.e.m.c.i.e.AbstractTransferListenerAdapter - Downloaded http://repo.maven.apache.org/maven2/dom4j/dom4j/1.6.1/dom4j-1.6.1.pom
2017-04-08 21:23:21,392 [Worker-0] INFO  o.e.m.c.i.e.AbstractTransferListenerAdapter - Downloading http://repo.maven.apache.org/maven2/org/apache/poi/poi/3.11-beta3/poi-3.11-beta3.pom
2017-04-08 21:23:21,880 [Worker-0] INFO  o.e.m.c.i.e.AbstractTransferListenerAdapter - Downloaded http://repo.maven.apache.org/maven2/org/apache/poi/poi/3.11-beta3/poi-3.11-beta3.pom
2017-04-08 21:23:22,099 [Worker-0] INFO  o.e.m.c.i.e.AbstractTransferListenerAdapter - Downloading http://repo.maven.apache.org/maven2/xml-apis/xml-apis/2.0.2/xml-apis-2.0.2.pom
2017-04-08 21:23:22,485 [Worker-0] INFO  o.e.m.c.i.e.AbstractTransferListenerAdapter - Downloaded http://repo.maven.apache.org/maven2/xml-apis/xml-apis/2.0.2/xml-apis-2.0.2.pom
2017-04-08 21:23:22,700 [Worker-0] INFO  o.e.m.c.i.e.AbstractTransferListenerAdapter - Downloading http://repo.maven.apache.org/maven2/xerces/xercesImpl/2.8.0/xercesImpl-2.8.0.pom
2017-04-08 21:23:23,124 [Worker-0] INFO  o.e.m.c.i.e.AbstractTransferListenerAdapter - Downloaded http://repo.maven.apache.org/maven2/xerces/xercesImpl/2.8.0/xercesImpl-2.8.0.pom
2017-04-08 21:23:23,325 [Worker-0] INFO  o.e.m.c.i.e.AbstractTransferListenerAdapter - Downloading http://repo.maven.apache.org/maven2/org/apache/apache/1/apache-1.pom
2017-04-08 21:23:23,753 [Worker-0] INFO  o.e.m.c.i.e.AbstractTransferListenerAdapter - Downloaded http://repo.maven.apache.org/maven2/org/apache/apache/1/apache-1.pom
2017-04-08 21:23:23,944 [Worker-0] INFO  o.e.m.c.i.e.AbstractTransferListenerAdapter - Downloading http://repo.maven.apache.org/maven2/xml-apis/xml-apis/1.3.03/xml-apis-1.3.03.pom
2017-04-08 21:23:24,337 [Worker-0] INFO  o.e.m.c.i.e.AbstractTransferListenerAdapter - Downloaded http://repo.maven.apache.org/maven2/xml-apis/xml-apis/1.3.03/xml-apis-1.3.03.pom
2017-04-08 21:23:24,367 [Worker-0] WARN  o.e.m.c.i.embedder.EclipseLogger - The artifact xml-apis:xml-apis:jar:2.0.2 has been relocated to xml-apis:xml-apis:jar:1.0.b2
2017-04-08 21:23:24,657 [Worker-0] INFO  o.e.m.c.i.e.AbstractTransferListenerAdapter - Downloading http://repo.maven.apache.org/maven2/org/testng/testng/6.9.4/testng-6.9.4.jar
2017-04-08 21:23:28,271 [Worker-0] INFO  o.e.m.c.i.e.AbstractTransferListenerAdapter - Downloaded http://repo.maven.apache.org/maven2/org/testng/testng/6.9.4/testng-6.9.4.jar
2017-04-08 21:23:28,469 [Worker-0] INFO  o.e.m.c.i.e.AbstractTransferListenerAdapter - Downloading http://repo.maven.apache.org/maven2/org/mockito/mockito-all/1.10.19/mockito-all-1.10.19.jar
2017-04-08 21:23:34,912 [Worker-0] INFO  o.e.m.c.i.e.AbstractTransferListenerAdapter - Downloaded http://repo.maven.apache.org/maven2/org/mockito/mockito-all/1.10.19/mockito-all-1.10.19.jar
2017-04-08 21:23:35,157 [Worker-0] INFO  o.e.m.c.i.e.AbstractTransferListenerAdapter - Downloading http://repo.maven.apache.org/maven2/org/mockito/mockito-core/1.10.19/mockito-core-1.10.19.jar
2017-04-08 21:23:38,007 [Worker-0] INFO  o.e.m.c.i.e.AbstractTransferListenerAdapter - Downloaded http://repo.maven.apache.org/maven2/org/mockito/mockito-core/1.10.19/mockito-core-1.10.19.jar
2017-04-08 21:23:38,243 [Worker-0] INFO  o.e.m.c.i.e.AbstractTransferListenerAdapter - Downloading http://repo.maven.apache.org/maven2/org/objenesis/objenesis/2.1/objenesis-2.1.jar
2017-04-08 21:23:39,249 [Worker-0] INFO  o.e.m.c.i.e.AbstractTransferListenerAdapter - Downloaded http://repo.maven.apache.org/maven2/org/objenesis/objenesis/2.1/objenesis-2.1.jar
2017-04-08 21:23:39,517 [Worker-0] INFO  o.e.m.c.i.e.AbstractTransferListenerAdapter - Downloading http://repo.maven.apache.org/maven2/org/seleniumhq/selenium/selenium-firefox-driver/2.44.0/selenium-firefox-driver-2.44.0.jar
2017-04-08 21:23:51,896 [Worker-0] INFO  o.e.m.c.i.e.AbstractTransferListenerAdapter - Downloaded http://repo.maven.apache.org/maven2/org/seleniumhq/selenium/selenium-firefox-driver/2.44.0/selenium-firefox-driver-2.44.0.jar
2017-04-08 21:23:52,181 [Worker-0] INFO  o.e.m.c.i.e.AbstractTransferListenerAdapter - Downloading http://repo.maven.apache.org/maven2/org/seleniumhq/selenium/selenium-remote-driver/2.44.0/selenium-remote-driver-2.44.0.jar
2017-04-08 21:23:54,693 [Worker-0] INFO  o.e.m.c.i.e.AbstractTransferListenerAdapter - Downloaded http://repo.maven.apache.org/maven2/org/seleniumhq/selenium/selenium-remote-driver/2.44.0/selenium-remote-driver-2.44.0.jar
2017-04-08 21:23:54,975 [Worker-0] INFO  o.e.m.c.i.e.AbstractTransferListenerAdapter - Downloading http://repo.maven.apache.org/maven2/com/google/code/gson/gson/2.3/gson-2.3.jar
2017-04-08 21:23:57,170 [Worker-0] INFO  o.e.m.c.i.e.AbstractTransferListenerAdapter - Downloaded http://repo.maven.apache.org/maven2/com/google/code/gson/gson/2.3/gson-2.3.jar
2017-04-08 21:23:57,475 [Worker-0] INFO  o.e.m.c.i.e.AbstractTransferListenerAdapter - Downloading http://repo.maven.apache.org/maven2/org/seleniumhq/selenium/selenium-api/2.44.0/selenium-api-2.44.0.jar
2017-04-08 21:23:59,456 [Worker-0] INFO  o.e.m.c.i.e.AbstractTransferListenerAdapter - Downloaded http://repo.maven.apache.org/maven2/org/seleniumhq/selenium/selenium-api/2.44.0/selenium-api-2.44.0.jar
2017-04-08 21:23:59,701 [Worker-0] INFO  o.e.m.c.i.e.AbstractTransferListenerAdapter - Downloading http://repo.maven.apache.org/maven2/org/apache/httpcomponents/httpclient/4.3.4/httpclient-4.3.4.jar
2017-04-08 21:24:05,083 [Worker-0] INFO  o.e.m.c.i.e.AbstractTransferListenerAdapter - Downloaded http://repo.maven.apache.org/maven2/org/apache/httpcomponents/httpclient/4.3.4/httpclient-4.3.4.jar
2017-04-08 21:24:05,372 [Worker-0] INFO  o.e.m.c.i.e.AbstractTransferListenerAdapter - Downloading http://repo.maven.apache.org/maven2/org/apache/httpcomponents/httpcore/4.3.2/httpcore-4.3.2.jar
2017-04-08 21:24:08,667 [Worker-0] INFO  o.e.m.c.i.e.AbstractTransferListenerAdapter - Downloaded http://repo.maven.apache.org/maven2/org/apache/httpcomponents/httpcore/4.3.2/httpcore-4.3.2.jar
2017-04-08 21:24:08,955 [Worker-0] INFO  o.e.m.c.i.e.AbstractTransferListenerAdapter - Downloading http://repo.maven.apache.org/maven2/com/google/guava/guava/18.0/guava-18.0.jar
2017-04-08 21:24:22,880 [Worker-0] INFO  o.e.m.c.i.e.AbstractTransferListenerAdapter - Downloaded http://repo.maven.apache.org/maven2/com/google/guava/guava/18.0/guava-18.0.jar
2017-04-08 21:24:23,235 [Worker-0] INFO  o.e.m.c.i.e.AbstractTransferListenerAdapter - Downloading http://repo.maven.apache.org/maven2/org/seleniumhq/selenium/selenium-server/2.44.0/selenium-server-2.44.0.jar
2017-04-08 21:24:28,406 [Worker-0] INFO  o.e.m.c.i.e.AbstractTransferListenerAdapter - Downloaded http://repo.maven.apache.org/maven2/org/seleniumhq/selenium/selenium-server/2.44.0/selenium-server-2.44.0.jar
2017-04-08 21:24:28,749 [Worker-0] INFO  o.e.m.c.i.e.AbstractTransferListenerAdapter - Downloading http://repo.maven.apache.org/maven2/org/bouncycastle/bcprov-jdk15on/1.48/bcprov-jdk15on-1.48.jar
2017-04-08 21:24:40,185 [Worker-0] INFO  o.e.m.c.i.e.AbstractTransferListenerAdapter - Downloaded http://repo.maven.apache.org/maven2/org/bouncycastle/bcprov-jdk15on/1.48/bcprov-jdk15on-1.48.jar
2017-04-08 21:24:40,513 [Worker-0] INFO  o.e.m.c.i.e.AbstractTransferListenerAdapter - Downloading http://repo.maven.apache.org/maven2/org/bouncycastle/bcpkix-jdk15on/1.48/bcpkix-jdk15on-1.48.jar
2017-04-08 21:24:44,179 [Worker-0] INFO  o.e.m.c.i.e.AbstractTransferListenerAdapter - Downloaded http://repo.maven.apache.org/maven2/org/bouncycastle/bcpkix-jdk15on/1.48/bcpkix-jdk15on-1.48.jar
2017-04-08 21:24:44,519 [Worker-0] INFO  o.e.m.c.i.e.AbstractTransferListenerAdapter - Downloading http://repo.maven.apache.org/maven2/mx4j/mx4j-tools/3.0.1/mx4j-tools-3.0.1.jar
2017-04-08 21:24:48,312 [Worker-0] INFO  o.e.m.c.i.e.AbstractTransferListenerAdapter - Downloaded http://repo.maven.apache.org/maven2/mx4j/mx4j-tools/3.0.1/mx4j-tools-3.0.1.jar
2017-04-08 21:24:48,591 [Worker-0] INFO  o.e.m.c.i.e.AbstractTransferListenerAdapter - Downloading http://repo.maven.apache.org/maven2/org/mortbay/jetty/servlet-api-2.5/6.1.9/servlet-api-2.5-6.1.9.jar
2017-04-08 21:24:51,006 [Worker-0] INFO  o.e.m.c.i.e.AbstractTransferListenerAdapter - Downloaded http://repo.maven.apache.org/maven2/org/mortbay/jetty/servlet-api-2.5/6.1.9/servlet-api-2.5-6.1.9.jar
2017-04-08 21:24:51,279 [Worker-0] INFO  o.e.m.c.i.e.AbstractTransferListenerAdapter - Downloading http://repo.maven.apache.org/maven2/org/seleniumhq/selenium/jetty-repacked/7.6.1/jetty-repacked-7.6.1.jar
2017-04-08 21:24:58,698 [Worker-0] INFO  o.e.m.c.i.e.AbstractTransferListenerAdapter - Downloaded http://repo.maven.apache.org/maven2/org/seleniumhq/selenium/jetty-repacked/7.6.1/jetty-repacked-7.6.1.jar
2017-04-08 21:24:58,989 [Worker-0] INFO  o.e.m.c.i.e.AbstractTransferListenerAdapter - Downloading http://repo.maven.apache.org/maven2/org/seleniumhq/selenium/jetty-rc-repacked/5/jetty-rc-repacked-5.jar
2017-04-08 21:25:03,225 [Worker-0] INFO  o.e.m.c.i.e.AbstractTransferListenerAdapter - Downloaded http://repo.maven.apache.org/maven2/org/seleniumhq/selenium/jetty-rc-repacked/5/jetty-rc-repacked-5.jar
2017-04-08 21:25:03,539 [Worker-0] INFO  o.e.m.c.i.e.AbstractTransferListenerAdapter - Downloading http://repo.maven.apache.org/maven2/net/jcip/jcip-annotations/1.0/jcip-annotations-1.0.jar
2017-04-08 21:25:04,083 [Worker-0] INFO  o.e.m.c.i.e.AbstractTransferListenerAdapter - Downloaded http://repo.maven.apache.org/maven2/net/jcip/jcip-annotations/1.0/jcip-annotations-1.0.jar
2017-04-08 21:25:04,318 [Worker-0] INFO  o.e.m.c.i.e.AbstractTransferListenerAdapter - Downloading http://repo.maven.apache.org/maven2/org/yaml/snakeyaml/1.8/snakeyaml-1.8.jar
2017-04-08 21:25:06,211 [Worker-0] INFO  o.e.m.c.i.e.AbstractTransferListenerAdapter - Downloaded http://repo.maven.apache.org/maven2/org/yaml/snakeyaml/1.8/snakeyaml-1.8.jar
2017-04-08 21:25:06,625 [Worker-0] INFO  o.e.m.c.i.e.AbstractTransferListenerAdapter - Downloading http://repo.maven.apache.org/maven2/org/seleniumhq/selenium/selenium-java/2.44.0/selenium-java-2.44.0.jar
2017-04-08 21:25:09,815 [Worker-0] INFO  o.e.m.c.i.e.AbstractTransferListenerAdapter - Downloaded http://repo.maven.apache.org/maven2/org/seleniumhq/selenium/selenium-java/2.44.0/selenium-java-2.44.0.jar
2017-04-08 21:25:10,090 [Worker-0] INFO  o.e.m.c.i.e.AbstractTransferListenerAdapter - Downloading http://repo.maven.apache.org/maven2/org/seleniumhq/selenium/selenium-chrome-driver/2.44.0/selenium-chrome-driver-2.44.0.jar
2017-04-08 21:25:10,841 [Worker-0] INFO  o.e.m.c.i.e.AbstractTransferListenerAdapter - Downloaded http://repo.maven.apache.org/maven2/org/seleniumhq/selenium/selenium-chrome-driver/2.44.0/selenium-chrome-driver-2.44.0.jar
2017-04-08 21:25:11,089 [Worker-0] INFO  o.e.m.c.i.e.AbstractTransferListenerAdapter - Downloading http://repo.maven.apache.org/maven2/org/seleniumhq/selenium/selenium-htmlunit-driver/2.44.0/selenium-htmlunit-driver-2.44.0.jar
2017-04-08 21:25:12,684 [Worker-0] INFO  o.e.m.c.i.e.AbstractTransferListenerAdapter - Downloaded http://repo.maven.apache.org/maven2/org/seleniumhq/selenium/selenium-htmlunit-driver/2.44.0/selenium-htmlunit-driver-2.44.0.jar
2017-04-08 21:25:12,917 [Worker-0] INFO  o.e.m.c.i.e.AbstractTransferListenerAdapter - Downloading http://repo.maven.apache.org/maven2/net/sourceforge/htmlunit/htmlunit/2.15/htmlunit-2.15.jar
2017-04-08 21:25:17,021 [Worker-0] INFO  o.e.m.c.i.e.AbstractTransferListenerAdapter - Downloaded http://repo.maven.apache.org/maven2/net/sourceforge/htmlunit/htmlunit/2.15/htmlunit-2.15.jar
2017-04-08 21:25:17,222 [Worker-0] INFO  o.e.m.c.i.e.AbstractTransferListenerAdapter - Downloading http://repo.maven.apache.org/maven2/org/apache/commons/commons-lang3/3.3.2/commons-lang3-3.3.2.jar
2017-04-08 21:25:20,746 [Worker-0] INFO  o.e.m.c.i.e.AbstractTransferListenerAdapter - Downloaded http://repo.maven.apache.org/maven2/org/apache/commons/commons-lang3/3.3.2/commons-lang3-3.3.2.jar
2017-04-08 21:25:20,939 [Worker-0] INFO  o.e.m.c.i.e.AbstractTransferListenerAdapter - Downloading http://repo.maven.apache.org/maven2/org/apache/httpcomponents/httpmime/4.3.3/httpmime-4.3.3.jar
2017-04-08 21:25:22,246 [Worker-0] INFO  o.e.m.c.i.e.AbstractTransferListenerAdapter - Downloaded http://repo.maven.apache.org/maven2/org/apache/httpcomponents/httpmime/4.3.3/httpmime-4.3.3.jar
2017-04-08 21:25:22,574 [Worker-0] INFO  o.e.m.c.i.e.AbstractTransferListenerAdapter - Downloading http://repo.maven.apache.org/maven2/net/sourceforge/htmlunit/htmlunit-core-js/2.15/htmlunit-core-js-2.15.jar
2017-04-08 21:25:25,042 [Worker-0] INFO  o.e.m.c.i.e.AbstractTransferListenerAdapter - Downloaded http://repo.maven.apache.org/maven2/net/sourceforge/htmlunit/htmlunit-core-js/2.15/htmlunit-core-js-2.15.jar
2017-04-08 21:25:25,204 [Worker-0] INFO  o.e.m.c.i.e.AbstractTransferListenerAdapter - Downloading http://repo.maven.apache.org/maven2/net/sourceforge/nekohtml/nekohtml/1.9.21/nekohtml-1.9.21.jar
2017-04-08 21:25:25,783 [Worker-0] INFO  o.e.m.c.i.e.AbstractTransferListenerAdapter - Downloaded http://repo.maven.apache.org/maven2/net/sourceforge/nekohtml/nekohtml/1.9.21/nekohtml-1.9.21.jar
2017-04-08 21:25:25,954 [Worker-0] INFO  o.e.m.c.i.e.AbstractTransferListenerAdapter - Downloading http://repo.maven.apache.org/maven2/net/sourceforge/cssparser/cssparser/0.9.14/cssparser-0.9.14.jar
2017-04-08 21:25:27,400 [Worker-0] INFO  o.e.m.c.i.e.AbstractTransferListenerAdapter - Downloaded http://repo.maven.apache.org/maven2/net/sourceforge/cssparser/cssparser/0.9.14/cssparser-0.9.14.jar
2017-04-08 21:25:27,573 [Worker-0] INFO  o.e.m.c.i.e.AbstractTransferListenerAdapter - Downloading http://repo.maven.apache.org/maven2/org/eclipse/jetty/jetty-websocket/8.1.15.v20140411/jetty-websocket-8.1.15.v20140411.jar
2017-04-08 21:25:29,059 [Worker-0] INFO  o.e.m.c.i.e.AbstractTransferListenerAdapter - Downloaded http://repo.maven.apache.org/maven2/org/eclipse/jetty/jetty-websocket/8.1.15.v20140411/jetty-websocket-8.1.15.v20140411.jar
2017-04-08 21:25:29,446 [Worker-0] INFO  o.e.m.c.i.e.AbstractTransferListenerAdapter - Downloading http://repo.maven.apache.org/maven2/org/eclipse/jetty/jetty-util/8.1.15.v20140411/jetty-util-8.1.15.v20140411.jar
2017-04-08 21:25:30,591 [Worker-0] INFO  o.e.m.c.i.e.AbstractTransferListenerAdapter - Downloaded http://repo.maven.apache.org/maven2/org/eclipse/jetty/jetty-util/8.1.15.v20140411/jetty-util-8.1.15.v20140411.jar
2017-04-08 21:25:30,780 [Worker-0] INFO  o.e.m.c.i.e.AbstractTransferListenerAdapter - Downloading http://repo.maven.apache.org/maven2/org/eclipse/jetty/jetty-io/8.1.15.v20140411/jetty-io-8.1.15.v20140411.jar
2017-04-08 21:25:31,473 [Worker-0] INFO  o.e.m.c.i.e.AbstractTransferListenerAdapter - Downloaded http://repo.maven.apache.org/maven2/org/eclipse/jetty/jetty-io/8.1.15.v20140411/jetty-io-8.1.15.v20140411.jar
2017-04-08 21:25:31,665 [Worker-0] INFO  o.e.m.c.i.e.AbstractTransferListenerAdapter - Downloading http://repo.maven.apache.org/maven2/org/eclipse/jetty/jetty-http/8.1.15.v20140411/jetty-http-8.1.15.v20140411.jar
2017-04-08 21:25:33,068 [Worker-0] INFO  o.e.m.c.i.e.AbstractTransferListenerAdapter - Downloaded http://repo.maven.apache.org/maven2/org/eclipse/jetty/jetty-http/8.1.15.v20140411/jetty-http-8.1.15.v20140411.jar
2017-04-08 21:25:33,306 [Worker-0] INFO  o.e.m.c.i.e.AbstractTransferListenerAdapter - Downloading http://repo.maven.apache.org/maven2/org/seleniumhq/selenium/selenium-ie-driver/2.44.0/selenium-ie-driver-2.44.0.jar
2017-04-08 21:25:33,868 [Worker-0] INFO  o.e.m.c.i.e.AbstractTransferListenerAdapter - Downloaded http://repo.maven.apache.org/maven2/org/seleniumhq/selenium/selenium-ie-driver/2.44.0/selenium-ie-driver-2.44.0.jar
2017-04-08 21:25:34,094 [Worker-0] INFO  o.e.m.c.i.e.AbstractTransferListenerAdapter - Downloading http://repo.maven.apache.org/maven2/org/seleniumhq/selenium/selenium-safari-driver/2.44.0/selenium-safari-driver-2.44.0.jar
2017-04-08 21:25:35,636 [Worker-0] INFO  o.e.m.c.i.e.AbstractTransferListenerAdapter - Downloaded http://repo.maven.apache.org/maven2/org/seleniumhq/selenium/selenium-safari-driver/2.44.0/selenium-safari-driver-2.44.0.jar
2017-04-08 21:25:35,879 [Worker-0] INFO  o.e.m.c.i.e.AbstractTransferListenerAdapter - Downloading http://repo.maven.apache.org/maven2/org/seleniumhq/selenium/selenium-support/2.44.0/selenium-support-2.44.0.jar
2017-04-08 21:25:37,145 [Worker-0] INFO  o.e.m.c.i.e.AbstractTransferListenerAdapter - Downloaded http://repo.maven.apache.org/maven2/org/seleniumhq/selenium/selenium-support/2.44.0/selenium-support-2.44.0.jar
2017-04-08 21:25:37,364 [Worker-0] INFO  o.e.m.c.i.e.AbstractTransferListenerAdapter - Downloading http://repo.maven.apache.org/maven2/log4j/log4j/1.2.17/log4j-1.2.17.jar
2017-04-08 21:25:38,625 [Worker-0] INFO  o.e.m.c.i.e.AbstractTransferListenerAdapter - Downloaded http://repo.maven.apache.org/maven2/log4j/log4j/1.2.17/log4j-1.2.17.jar
2017-04-08 21:25:38,901 [Worker-0] INFO  o.e.m.c.i.e.AbstractTransferListenerAdapter - Downloading http://repo.maven.apache.org/maven2/org/apache/poi/poi-ooxml/3.9/poi-ooxml-3.9.jar
2017-04-08 21:25:46,697 [Worker-0] INFO  o.e.m.c.i.e.AbstractTransferListenerAdapter - Downloaded http://repo.maven.apache.org/maven2/org/apache/poi/poi-ooxml/3.9/poi-ooxml-3.9.jar
2017-04-08 21:25:46,975 [Worker-0] INFO  o.e.m.c.i.e.AbstractTransferListenerAdapter - Downloading http://repo.maven.apache.org/maven2/org/apache/poi/poi-ooxml-schemas/3.9/poi-ooxml-schemas-3.9.jar
2017-04-08 21:26:09,875 [Worker-0] INFO  o.e.m.c.i.e.AbstractTransferListenerAdapter - Downloaded http://repo.maven.apache.org/maven2/org/apache/poi/poi-ooxml-schemas/3.9/poi-ooxml-schemas-3.9.jar
2017-04-08 21:26:10,072 [Worker-0] INFO  o.e.m.c.i.e.AbstractTransferListenerAdapter - Downloading http://repo.maven.apache.org/maven2/org/apache/xmlbeans/xmlbeans/2.3.0/xmlbeans-2.3.0.jar
2017-04-08 21:26:20,900 [Worker-0] INFO  o.e.m.c.i.e.AbstractTransferListenerAdapter - Downloaded http://repo.maven.apache.org/maven2/org/apache/xmlbeans/xmlbeans/2.3.0/xmlbeans-2.3.0.jar
2017-04-08 21:26:21,114 [Worker-0] INFO  o.e.m.c.i.e.AbstractTransferListenerAdapter - Downloading http://repo.maven.apache.org/maven2/stax/stax-api/1.0.1/stax-api-1.0.1.jar
2017-04-08 21:26:22,040 [Worker-0] INFO  o.e.m.c.i.e.AbstractTransferListenerAdapter - Downloaded http://repo.maven.apache.org/maven2/stax/stax-api/1.0.1/stax-api-1.0.1.jar
2017-04-08 21:26:22,309 [Worker-0] INFO  o.e.m.c.i.e.AbstractTransferListenerAdapter - Downloading http://repo.maven.apache.org/maven2/dom4j/dom4j/1.6.1/dom4j-1.6.1.jar
2017-04-08 21:26:23,367 [Worker-0] INFO  o.e.m.c.i.e.AbstractTransferListenerAdapter - Downloaded http://repo.maven.apache.org/maven2/dom4j/dom4j/1.6.1/dom4j-1.6.1.jar
2017-04-08 21:26:23,670 [Worker-0] INFO  o.e.m.c.i.e.AbstractTransferListenerAdapter - Downloading http://repo.maven.apache.org/maven2/org/apache/poi/poi/3.11-beta3/poi-3.11-beta3.jar
2017-04-08 21:26:30,950 [Worker-0] INFO  o.e.m.c.i.e.AbstractTransferListenerAdapter - Downloaded http://repo.maven.apache.org/maven2/org/apache/poi/poi/3.11-beta3/poi-3.11-beta3.jar
2017-04-08 21:26:31,236 [Worker-0] INFO  o.e.m.c.i.e.AbstractTransferListenerAdapter - Downloading http://repo.maven.apache.org/maven2/xml-apis/xml-apis/1.0.b2/xml-apis-1.0.b2.jar
2017-04-08 21:26:32,342 [Worker-0] INFO  o.e.m.c.i.e.AbstractTransferListenerAdapter - Downloaded http://repo.maven.apache.org/maven2/xml-apis/xml-apis/1.0.b2/xml-apis-1.0.b2.jar
2017-04-08 21:26:32,652 [Worker-0] INFO  o.e.m.c.i.e.AbstractTransferListenerAdapter - Downloading http://repo.maven.apache.org/maven2/xerces/xercesImpl/2.8.0/xercesImpl-2.8.0.jar
2017-04-08 21:26:40,227 [Worker-0] INFO  o.e.m.c.i.e.AbstractTransferListenerAdapter - Downloaded http://repo.maven.apache.org/maven2/xerces/xercesImpl/2.8.0/xercesImpl-2.8.0.jar
2017-04-08 21:26:52,294 [Worker-0] WARN  o.e.m.c.i.embedder.EclipseLogger - The artifact xml-apis:xml-apis:jar:2.0.2 has been relocated to xml-apis:xml-apis:jar:1.0.b2
2017-04-08 21:35:48,374 [Worker-20] INFO  o.e.m.c.i.e.AbstractTransferListenerAdapter - Downloading http://repo.maven.apache.org/maven2/org/apache/maven/plugins/maven-surefire-plugin/2.18.1/maven-surefire-plugin-2.18.1.jar
2017-04-08 21:35:49,247 [Worker-20] INFO  o.e.m.c.i.e.AbstractTransferListenerAdapter - Downloaded http://repo.maven.apache.org/maven2/org/apache/maven/plugins/maven-surefire-plugin/2.18.1/maven-surefire-plugin-2.18.1.jar
2017-04-08 21:35:50,296 [Worker-20] INFO  o.e.m.c.i.l.LifecycleMappingFactory - Using org.eclipse.m2e.jdt.JarLifecycleMapping lifecycle mapping for MavenProject: gene-infiniview:infiniview:0.0.1-SNAPSHOT @ C:\Users\chinmaya\INFINIVIEW_PROJECT\infiniview\pom.xml.
2017-04-08 21:35:50,852 [Worker-20] WARN  o.e.m.c.i.embedder.EclipseLogger - The artifact xml-apis:xml-apis:jar:2.0.2 has been relocated to xml-apis:xml-apis:jar:1.0.b2
2017-04-08 21:35:53,594 [Worker-12] WARN  o.e.m.c.i.embedder.EclipseLogger - The artifact xml-apis:xml-apis:jar:2.0.2 has been relocated to xml-apis:xml-apis:jar:1.0.b2
2017-04-08 21:35:53,925 [Worker-12] WARN  o.e.m.c.i.embedder.EclipseLogger - Using platform encoding (Cp1252 actually) to copy filtered resources, i.e. build is platform dependent!
2017-04-08 21:35:53,927 [Worker-12] INFO  o.e.m.c.i.embedder.EclipseLogger - skip non existing resourceDirectory C:\Users\chinmaya\INFINIVIEW_PROJECT\infiniview\src\main\resources
2017-04-08 21:35:53,934 [Worker-12] WARN  o.e.m.c.i.embedder.EclipseLogger - Using platform encoding (Cp1252 actually) to copy filtered resources, i.e. build is platform dependent!
2017-04-08 21:35:53,935 [Worker-12] INFO  o.e.m.c.i.embedder.EclipseLogger - skip non existing resourceDirectory C:\Users\chinmaya\INFINIVIEW_PROJECT\infiniview\src\test\resources
2017-04-08 21:35:53,950 [Worker-20] INFO  o.e.m.j.i.AbstractJavaProjectConfigurator - Adding source folder /infiniview/src/main/java
2017-04-08 21:35:53,966 [Worker-20] INFO  o.e.m.j.i.AbstractJavaProjectConfigurator - Adding source folder /infiniview/src/test/java
2017-04-08 21:35:54,554 [Worker-20] INFO  o.e.m.c.i.p.ProjectConfigurationManager - Update started
2017-04-08 21:35:54,676 [Worker-20] INFO  o.e.m.c.i.l.LifecycleMappingFactory - Using org.eclipse.m2e.jdt.JarLifecycleMapping lifecycle mapping for MavenProject: gene-infiniview:infiniview:0.0.1-SNAPSHOT @ C:\Users\chinmaya\INFINIVIEW_PROJECT\infiniview\pom.xml.
2017-04-08 21:35:55,299 [Worker-20] WARN  o.e.m.c.i.embedder.EclipseLogger - The artifact xml-apis:xml-apis:jar:2.0.2 has been relocated to xml-apis:xml-apis:jar:1.0.b2
2017-04-08 21:35:56,234 [Worker-20] INFO  o.e.m.j.i.AbstractJavaProjectConfigurator - Adding source folder /infiniview/src/main/java
2017-04-08 21:35:56,238 [Worker-20] INFO  o.e.m.j.i.AbstractJavaProjectConfigurator - Adding source folder /infiniview/src/test/java
2017-04-08 21:35:56,663 [Worker-20] INFO  o.e.m.c.i.p.ProjectConfigurationManager - Update completed: 2 sec
2017-04-08 21:35:57,425 [Worker-12] WARN  o.e.m.c.i.embedder.EclipseLogger - The artifact xml-apis:xml-apis:jar:2.0.2 has been relocated to xml-apis:xml-apis:jar:1.0.b2
2017-04-08 21:35:57,706 [Worker-12] WARN  o.e.m.c.i.embedder.EclipseLogger - Using platform encoding (Cp1252 actually) to copy filtered resources, i.e. build is platform dependent!
2017-04-08 21:35:57,707 [Worker-12] INFO  o.e.m.c.i.embedder.EclipseLogger - skip non existing resourceDirectory C:\Users\chinmaya\INFINIVIEW_PROJECT\infiniview\src\main\resources
2017-04-08 21:35:57,709 [Worker-12] WARN  o.e.m.c.i.embedder.EclipseLogger - Using platform encoding (Cp1252 actually) to copy filtered resources, i.e. build is platform dependent!
2017-04-08 21:35:57,710 [Worker-12] INFO  o.e.m.c.i.embedder.EclipseLogger - skip non existing resourceDirectory C:\Users\chinmaya\INFINIVIEW_PROJECT\infiniview\src\test\resources
2017-04-08 21:36:46,375 [Worker-22] INFO  o.e.m.i.launch.MavenLaunchDelegate - C:\Users\chinmaya\INFINIVIEW_PROJECT\infiniview
2017-04-08 21:36:46,376 [Worker-22] INFO  o.e.m.i.launch.MavenLaunchDelegate -  mvn  -B clean
2017-04-08 21:36:49,700 [Worker-24] WARN  o.e.m.c.i.embedder.EclipseLogger - Using platform encoding (Cp1252 actually) to copy filtered resources, i.e. build is platform dependent!
2017-04-08 21:36:49,701 [Worker-24] INFO  o.e.m.c.i.embedder.EclipseLogger - skip non existing resourceDirectory C:\Users\chinmaya\INFINIVIEW_PROJECT\infiniview\src\main\resources
2017-04-08 21:36:49,705 [Worker-24] WARN  o.e.m.c.i.embedder.EclipseLogger - Using platform encoding (Cp1252 actually) to copy filtered resources, i.e. build is platform dependent!
2017-04-08 21:36:49,706 [Worker-24] INFO  o.e.m.c.i.embedder.EclipseLogger - skip non existing resourceDirectory C:\Users\chinmaya\INFINIVIEW_PROJECT\infiniview\src\test\resources
2017-04-08 21:37:20,283 [Worker-19] INFO  o.e.m.c.i.p.ProjectConfigurationManager - Update started
2017-04-08 21:37:20,357 [Worker-19] INFO  o.e.m.c.i.l.LifecycleMappingFactory - Using org.eclipse.m2e.jdt.JarLifecycleMapping lifecycle mapping for MavenProject: gene-infiniview:infiniview:0.0.1-SNAPSHOT @ C:\Users\chinmaya\INFINIVIEW_PROJECT\infiniview\pom.xml.
2017-04-08 21:37:20,761 [Worker-19] WARN  o.e.m.c.i.embedder.EclipseLogger - The artifact xml-apis:xml-apis:jar:2.0.2 has been relocated to xml-apis:xml-apis:jar:1.0.b2
2017-04-08 21:37:21,301 [Worker-19] INFO  o.e.m.j.i.AbstractJavaProjectConfigurator - Adding source folder /infiniview/src/main/java
2017-04-08 21:37:21,303 [Worker-19] INFO  o.e.m.j.i.AbstractJavaProjectConfigurator - Adding source folder /infiniview/src/test/java
2017-04-08 21:37:21,598 [Worker-19] INFO  o.e.m.c.i.p.ProjectConfigurationManager - Update completed: 1 sec
2017-04-08 21:37:22,270 [Worker-14] WARN  o.e.m.c.i.embedder.EclipseLogger - The artifact xml-apis:xml-apis:jar:2.0.2 has been relocated to xml-apis:xml-apis:jar:1.0.b2
2017-04-08 21:37:22,542 [Worker-14] WARN  o.e.m.c.i.embedder.EclipseLogger - Using platform encoding (Cp1252 actually) to copy filtered resources, i.e. build is platform dependent!
2017-04-08 21:37:22,543 [Worker-14] INFO  o.e.m.c.i.embedder.EclipseLogger - skip non existing resourceDirectory C:\Users\chinmaya\INFINIVIEW_PROJECT\infiniview\src\main\resources
2017-04-08 21:37:22,545 [Worker-14] WARN  o.e.m.c.i.embedder.EclipseLogger - Using platform encoding (Cp1252 actually) to copy filtered resources, i.e. build is platform dependent!
2017-04-08 21:37:22,546 [Worker-14] INFO  o.e.m.c.i.embedder.EclipseLogger - skip non existing resourceDirectory C:\Users\chinmaya\INFINIVIEW_PROJECT\infiniview\src\test\resources
2017-04-08 21:37:55,627 [Worker-21] INFO  o.e.m.i.launch.MavenLaunchDelegate - C:\Users\chinmaya\INFINIVIEW_PROJECT\infiniview
2017-04-08 21:37:55,628 [Worker-21] INFO  o.e.m.i.launch.MavenLaunchDelegate -  mvn  -B install
2017-04-08 21:39:46,698 [Worker-21] INFO  o.e.m.c.i.l.LifecycleMappingFactory - Using org.eclipse.m2e.jdt.JarLifecycleMapping lifecycle mapping for MavenProject: gene-infiniview:infiniview:0.0.1-SNAPSHOT @ C:\Users\chinmaya\INFINIVIEW_PROJECT\infiniview\pom.xml.
2017-04-08 21:39:47,824 [Worker-21] WARN  o.e.m.c.i.embedder.EclipseLogger - The artifact xml-apis:xml-apis:jar:2.0.2 has been relocated to xml-apis:xml-apis:jar:1.0.b2
2017-04-08 21:39:48,613 [Worker-21] WARN  o.e.m.c.i.embedder.EclipseLogger - Using platform encoding (Cp1252 actually) to copy filtered resources, i.e. build is platform dependent!
2017-04-08 21:39:48,614 [Worker-21] INFO  o.e.m.c.i.embedder.EclipseLogger - skip non existing resourceDirectory C:\Users\chinmaya\INFINIVIEW_PROJECT\infiniview\src\main\resources
2017-04-08 21:39:48,616 [Worker-21] WARN  o.e.m.c.i.embedder.EclipseLogger - Using platform encoding (Cp1252 actually) to copy filtered resources, i.e. build is platform dependent!
2017-04-08 21:39:48,617 [Worker-21] INFO  o.e.m.c.i.embedder.EclipseLogger - skip non existing resourceDirectory C:\Users\chinmaya\INFINIVIEW_PROJECT\infiniview\src\test\resources
2017-04-08 21:41:58,388 [Worker-27] INFO  o.e.m.i.launch.MavenLaunchDelegate - C:\Users\chinmaya\INFINIVIEW_PROJECT\infiniview
2017-04-08 21:41:58,389 [Worker-27] INFO  o.e.m.i.launch.MavenLaunchDelegate -  mvn  -B test
